2025-04-04 11:17:24.913863 - Received CBT.V508.FILE533.PDS from FILE533.XMI 
2025-04-04 11:17:24.915616 - Found $$$#DATE.txt (text/plain) in CBT.V508.FILE533.PDS, moved to PDS/$$$#DATE
2025-04-04 11:17:24.915772 - Found $$$COSBG.txt (text/plain) in CBT.V508.FILE533.PDS, moved to PDS/$$$COSBG
2025-04-04 11:17:24.915918 - Found $$CHANGE.txt (text/plain) in CBT.V508.FILE533.PDS, moved to PDS/$$CHANGE
2025-04-04 11:17:24.916103 - Found $VTT2DOC.txt (text/plain) in CBT.V508.FILE533.PDS, moved to PDS/$VTT2DOC
2025-04-04 11:17:24.916282 - Found @FILE533.txt (text/plain) in CBT.V508.FILE533.PDS, moved to PDS/@FILE533
2025-04-04 11:17:24.916427 - Found FLDAREA.txt (text/plain) in CBT.V508.FILE533.PDS, moved to PDS/FLDAREA
2025-04-04 11:17:24.916572 - Found FLDDRVR.txt (text/plain) in CBT.V508.FILE533.PDS, moved to PDS/FLDDRVR
2025-04-04 11:17:24.916691 - Found FLDDRVR$.jcl (text/plain) in CBT.V508.FILE533.PDS, moved to PDS/FLDDRVR$
2025-04-04 11:17:24.916809 - Found FLDDRVR#.jcl (text/plain) in CBT.V508.FILE533.PDS, moved to PDS/FLDDRVR#
2025-04-04 11:17:24.916938 - Found FOLDEM.txt (text/plain) in CBT.V508.FILE533.PDS, moved to PDS/FOLDEM
2025-04-04 11:17:24.917061 - Found FOLDEM$.jcl (text/plain) in CBT.V508.FILE533.PDS, moved to PDS/FOLDEM$
2025-04-04 11:17:24.917262 - Found M370VTT2.jcl (text/plain) in CBT.V508.FILE533.PDS, moved to PDS/M370VTT2
2025-04-04 11:17:24.917387 - Found STRIPPAD.c (text/x-c) in CBT.V508.FILE533.PDS, moved to PDS/STRIPPAD
2025-04-04 11:17:24.917553 - Found TESTDATA.txt (text/plain) in CBT.V508.FILE533.PDS, moved to PDS/TESTDATA
2025-04-04 11:17:24.917676 - Found UNFAREA.txt (text/plain) in CBT.V508.FILE533.PDS, moved to PDS/UNFAREA
2025-04-04 11:17:24.917792 - Found UNFDRVR.txt (text/plain) in CBT.V508.FILE533.PDS, moved to PDS/UNFDRVR
2025-04-04 11:17:24.917928 - Found UNFDRVR$.jcl (text/plain) in CBT.V508.FILE533.PDS, moved to PDS/UNFDRVR$
2025-04-04 11:17:24.918042 - Found UNFDRVR#.jcl (text/plain) in CBT.V508.FILE533.PDS, moved to PDS/UNFDRVR#
2025-04-04 11:17:24.918169 - Found UNFOLDE$.jcl (text/plain) in CBT.V508.FILE533.PDS, moved to PDS/UNFOLDE$
2025-04-04 11:17:24.918293 - Found UNFOLDEM.txt (text/plain) in CBT.V508.FILE533.PDS, moved to PDS/UNFOLDEM
2025-04-04 11:17:24.918563 - Found VTT2CNV$.jcl (text/plain) in CBT.V508.FILE533.PDS, moved to PDS/VTT2CNV$
2025-04-04 11:17:24.918812 - Found VTT2CNVU.txt (text/plain) in CBT.V508.FILE533.PDS, moved to PDS/VTT2CNVU
2025-04-04 11:17:24.918949 - Found VTT2CN1#.jcl (text/plain) in CBT.V508.FILE533.PDS, moved to PDS/VTT2CN1#
2025-04-04 11:17:24.919077 - Found VTT2DIS$.jcl (text/plain) in CBT.V508.FILE533.PDS, moved to PDS/VTT2DIS$
2025-04-04 11:17:24.919193 - Found VTT2DIS#.jcl (text/plain) in CBT.V508.FILE533.PDS, moved to PDS/VTT2DIS#
2025-04-04 11:17:24.919345 - Found VTT2DISK.txt (text/plain) in CBT.V508.FILE533.PDS, moved to PDS/VTT2DISK
2025-04-04 11:17:24.919460 - Found VTT2FK2$.jcl (text/plain) in CBT.V508.FILE533.PDS, moved to PDS/VTT2FK2$
2025-04-04 11:17:24.919584 - Found VTT2FK2#.jcl (text/plain) in CBT.V508.FILE533.PDS, moved to PDS/VTT2FK2#
2025-04-04 11:17:24.919721 - Found VTT2FK2T.txt (text/plain) in CBT.V508.FILE533.PDS, moved to PDS/VTT2FK2T
2025-04-04 11:17:24.919864 - Found VTT2LOAD.xmi (application/xmit) in CBT.V508.FILE533.PDS, moved to PDS/VTT2LOAD.xmi
2025-04-04 11:17:24.934915 - Received SBGOLOB.VTT2LOAD from VTT2LOAD.xmi 
2025-04-04 11:17:24.935339 - Found VTT2CNVU.bin (application/octet-stream) in SBGOLOB.VTT2LOAD, moved to VTT2LOAD/VTT2CNVU
2025-04-04 11:17:24.935493 - Found VTT2DISK.bin (application/octet-stream) in SBGOLOB.VTT2LOAD, moved to VTT2LOAD/VTT2DISK
2025-04-04 11:17:24.935626 - Found VTT2FK2T.bin (application/octet-stream) in SBGOLOB.VTT2LOAD, moved to VTT2LOAD/VTT2FK2T
2025-04-04 11:17:24.935748 - Found VTT2TAPE.bin (application/octet-stream) in SBGOLOB.VTT2LOAD, moved to VTT2LOAD/VTT2TAPE
2025-04-04 11:17:24.935886 - Found VTT2T2FK.bin (application/octet-stream) in SBGOLOB.VTT2LOAD, moved to VTT2LOAD/VTT2T2FK
2025-04-04 11:17:24.936303 - Found VTT2TAP$.jcl (text/plain) in CBT.V508.FILE533.PDS, moved to PDS/VTT2TAP$
2025-04-04 11:17:24.936443 - Found VTT2TAP#.jcl (text/plain) in CBT.V508.FILE533.PDS, moved to PDS/VTT2TAP#
2025-04-04 11:17:24.936568 - Found VTT2TAP@.jcl (text/plain) in CBT.V508.FILE533.PDS, moved to PDS/VTT2TAP@
2025-04-04 11:17:24.936701 - Found VTT2TAPE.txt (text/plain) in CBT.V508.FILE533.PDS, moved to PDS/VTT2TAPE
2025-04-04 11:17:24.936826 - Found VTT2TEST.jcl (text/plain) in CBT.V508.FILE533.PDS, moved to PDS/VTT2TEST
2025-04-04 11:17:24.936977 - Found VTT2T2F$.jcl (text/plain) in CBT.V508.FILE533.PDS, moved to PDS/VTT2T2F$
2025-04-04 11:17:24.937109 - Found VTT2T2F#.jcl (text/plain) in CBT.V508.FILE533.PDS, moved to PDS/VTT2T2F#
2025-04-04 11:17:24.937246 - Found VTT2T2FK.txt (text/plain) in CBT.V508.FILE533.PDS, moved to PDS/VTT2T2FK
